# JRE version: OpenJDK Runtime Environment Temurin-17.0.4.1+1 (17.0.4.1+1) (build 17.0.4.1+1)
# Java VM: OpenJDK 64-Bit Server VM Temurin-17.0.4.1+1 (17.0.4.1+1, mixed mode, emulated-client, tiered, compressed oops, compressed class ptrs, g1 gc, windows-amd64)
GC Precious Log:
 CPUs: 2 total, 2 available
 Memory: 4094M
 Large Page Support: Disabled
 NUMA Support: Disabled
 Compressed Oops: Enabled (32-bit)
 Heap Region Size: 1M
 Heap Min Capacity: 8M
 Heap Initial Capacity: 64M
 Heap Max Capacity: 1G
 Pre-touch: Disabled
 Parallel Workers: 2
 Concurrent Workers: 1
 Concurrent Refinement Workers: 2
 Periodic GC: Disabled
Heap:
 garbage-first heap   total 48128K, used 22762K [0x00000000c0000000, 0x0000000100000000)
  region size 1024K, 13 young (13312K), 1 survivors (1024K)
 Metaspace       used 23633K, committed 23872K, reserved 1073152K
  class space    used 2908K, committed 3008K, reserved 1048576K
GC Heap History (12 events):
Event: 2.766 GC heap before
{Heap before GC invocations=0 (full 0):
 garbage-first heap   total 65536K, used 5120K [0x00000000c0000000, 0x0000000100000000)
  region size 1024K, 6 young (6144K), 0 survivors (0K)
 Metaspace       used 4139K, committed 4288K, reserved 1056768K
  class space    used 404K, committed 512K, reserved 1048576K
}
Event: 3.052 GC heap after
{Heap after GC invocations=1 (full 0):
 garbage-first heap   total 65536K, used 4393K [0x00000000c0000000, 0x0000000100000000)
  region size 1024K, 1 young (1024K), 1 survivors (1024K)
 Metaspace       used 4139K, committed 4288K, reserved 1056768K
  class space    used 404K, committed 512K, reserved 1048576K
}
Event: 3.374 GC heap before
{Heap before GC invocations=1 (full 0):
 garbage-first heap   total 65536K, used 6441K [0x00000000c0000000, 0x0000000100000000)
  region size 1024K, 4 young (4096K), 1 survivors (1024K)
 Metaspace       used 5304K, committed 5376K, reserved 1056768K
  class space    used 504K, committed 512K, reserved 1048576K
}
Event: 3.375 GC heap after
{Heap after GC invocations=2 (full 0):
 garbage-first heap   total 65536K, used 5885K [0x00000000c0000000, 0x0000000100000000)
  region size 1024K, 1 young (1024K), 1 survivors (1024K)
 Metaspace       used 5304K, committed 5376K, reserved 1056768K
  class space    used 504K, committed 512K, reserved 1048576K
}
Event: 3.668 GC heap before
{Heap before GC invocations=2 (full 0):
 garbage-first heap   total 65536K, used 13053K [0x00000000c0000000, 0x0000000100000000)
  region size 1024K, 8 young (8192K), 1 survivors (1024K)
 Metaspace       used 7665K, committed 7808K, reserved 1056768K
  class space    used 816K, committed 896K, reserved 1048576K
}
Event: 3.670 GC heap after
{Heap after GC invocations=3 (full 0):
 garbage-first heap   total 65536K, used 7454K [0x00000000c0000000, 0x0000000100000000)
  region size 1024K, 1 young (1024K), 1 survivors (1024K)
 Metaspace       used 7665K, committed 7808K, reserved 1056768K
  class space    used 816K, committed 896K, reserved 1048576K
}
Event: 5.866 GC heap before
{Heap before GC invocations=3 (full 0):
 garbage-first heap   total 65536K, used 17694K [0x00000000c0000000, 0x0000000100000000)
  region size 1024K, 11 young (11264K), 1 survivors (1024K)
 Metaspace       used 11044K, committed 11200K, reserved 1064960K
  class space    used 1294K, committed 1344K, reserved 1048576K
}
Event: 5.871 GC heap after
{Heap after GC invocations=4 (full 0):
 garbage-first heap   total 65536K, used 8976K [0x00000000c0000000, 0x0000000100000000)
  region size 1024K, 2 young (2048K), 2 survivors (2048K)
 Metaspace       used 11044K, committed 11200K, reserved 1064960K
  class space    used 1294K, committed 1344K, reserved 1048576K
}
Event: 21.094 GC heap before
{Heap before GC invocations=4 (full 0):
 garbage-first heap   total 65536K, used 40720K [0x00000000c0000000, 0x0000000100000000)
  region size 1024K, 34 young (34816K), 2 survivors (2048K)
 Metaspace       used 19673K, committed 19968K, reserved 1073152K
  class space    used 2426K, committed 2560K, reserved 1048576K
}
Event: 21.107 GC heap after
{Heap after GC invocations=5 (full 0):
 garbage-first heap   total 65536K, used 11879K [0x00000000c0000000, 0x0000000100000000)
  region size 1024K, 5 young (5120K), 5 survivors (5120K)
 Metaspace       used 19673K, committed 19968K, reserved 1073152K
  class space    used 2426K, committed 2560K, reserved 1048576K
}
Event: 21.991 GC heap before
{Heap before GC invocations=5 (full 0):
 garbage-first heap   total 65536K, used 18023K [0x00000000c0000000, 0x0000000100000000)
  region size 1024K, 12 young (12288K), 5 survivors (5120K)
 Metaspace       used 21271K, committed 21504K, reserved 1073152K
  class space    used 2607K, committed 2752K, reserved 1048576K
}
Event: 22.000 GC heap after
{Heap after GC invocations=6 (full 0):
 garbage-first heap   total 65536K, used 12522K [0x00000000c0000000, 0x0000000100000000)
  region size 1024K, 1 young (1024K), 1 survivors (1024K)
 Metaspace       used 21271K, committed 21504K, reserved 1073152K
  class space    used 2607K, committed 2752K, reserved 1048576K
}

